#
# There is insufficient memory for the Java Runtime Environment to continue.
# Native memory allocation (mmap) failed to map 232783872 bytes for G1 virtual space
# Possible reasons:
#   The system is out of physical RAM or swap space
#   The process is running with CompressedOops enabled, and the Java Heap may be blocking the growth of the native heap
# Possible solutions:
#   Reduce memory load on the system
#   Increase physical memory or swap space
#   Check if swap backing store is full
#   Decrease Java heap size (-Xmx/-Xms)
#   Decrease number of Java threads
#   Decrease Java thread stack sizes (-Xss)
#   Set larger code cache with -XX:ReservedCodeCacheSize=
#   JVM is running with Zero Based Compressed Oops mode in which the Java heap is
#     placed in the first 32GB address space. The Java Heap base address is the
#     maximum limit for the native heap growth. Please use -XX:HeapBaseMinAddress
#     to set the Java Heap base and to place the Java Heap above 32GB virtual address.
# This output file may be truncated or incomplete.
#
#  Out of Memory Error (os_windows.cpp:3600), pid=8788, tid=21560
#
# JRE version:  (21.0+35) (build )
# Java VM: Java HotSpot(TM) 64-Bit Server VM (21+35-LTS-2513, mixed mode, sharing, tiered, compressed oops, compressed class ptrs, g1 gc, windows-amd64)
# No core dump will be written. Minidumps are not enabled by default on client versions of Windows
#

---------------  S U M M A R Y ------------

Command Line: -javaagent:C:\Program Files\JetBrains\IntelliJ IDEA 2023.2.2\lib\idea_rt.jar=53555:C:\Program Files\JetBrains\IntelliJ IDEA 2023.2.2\bin -Dfile.encoding=UTF-8 -Dsun.stdout.encoding=UTF-8 -Dsun.stderr.encoding=UTF-8 ApplicationMain

Host: AMD Ryzen 5 5600H with Radeon Graphics         , 12 cores, 13G,  Windows 11 , 64 bit Build 22621 (10.0.22621.4830)
Time: Fri Mar 14 08:23:58 2025 GTB Standard Time elapsed time: 0.014263 seconds (0d 0h 0m 0s)

---------------  T H R E A D  ---------------

Current thread (0x0000016b0b405f80):  JavaThread "Unknown thread" [_thread_in_vm, id=21560, stack(0x0000003357b00000,0x0000003357c00000) (1024K)]

Stack: [0x0000003357b00000,0x0000003357c00000]
Native frames: (J=compiled Java code, j=interpreted, Vv=VM code, C=native code)
V  [jvm.dll+0x6c8d39]
V  [jvm.dll+0x854091]
V  [jvm.dll+0x85630e]
V  [jvm.dll+0x8569e3]
V  [jvm.dll+0x2809a6]
V  [jvm.dll+0x6c5425]
V  [jvm.dll+0x6b9e1a]
V  [jvm.dll+0x3555ba]
V  [jvm.dll+0x35d206]
V  [jvm.dll+0x3adf6e]
V  [jvm.dll+0x3ae218]
V  [jvm.dll+0x328fcc]
V  [jvm.dll+0x329b5b]
V  [jvm.dll+0x81c699]
V  [jvm.dll+0x3bb2a1]
V  [jvm.dll+0x805688]
V  [jvm.dll+0x44ed9e]
V  [jvm.dll+0x4506a1]
C  [jli.dll+0x52a3]
C  [ucrtbase.dll+0x29333]
C  [KERNEL32.DLL+0x1259d]
C  [ntdll.dll+0x5af38]


---------------  P R O C E S S  ---------------

Threads class SMR info:
_java_thread_list=0x00007fffc64a7b48, length=0, elements={
}

Java Threads: ( => current thread )
Total: 0

Other Threads:
  0x0000016b0d699bd0 WorkerThread "GC Thread#0"                     [id=3116, stack(0x0000003357c00000,0x0000003357d00000) (1024K)]
  0x0000016b0d6a8a30 ConcurrentGCThread "G1 Main Marker"            [id=29316, stack(0x0000003357d00000,0x0000003357e00000) (1024K)]
  0x0000016b0d6a9be0 WorkerThread "G1 Conc#0"                       [id=30124, stack(0x0000003357e00000,0x0000003357f00000) (1024K)]

[error occurred during error reporting (printing all threads), id 0xc0000005, EXCEPTION_ACCESS_VIOLATION (0xc0000005) at pc=0x00007fffc5c1c097]
VM state: not at safepoint (not fully initialized)

VM Mutex/Monitor currently owned by a thread:  ([mutex/lock_event])
[0x00007fffc6518648] Heap_lock - owner thread: 0x0000016b0b405f80

Heap address: 0x0000000722400000, size: 3548 MB, Compressed Oops mode: Zero based, Oop shift amount: 3

CDS archive(s) mapped at: [0x0000000000000000-0x0000000000000000-0x0000000000000000), size 0, SharedBaseAddress: 0x0000000800000000, ArchiveRelocationMode: 1.
Narrow klass base: 0x0000000000000000, Narrow klass shift: 0, Narrow klass range: 0x0

GC Precious Log:
 CardTable entry size: 512
 Card Set container configuration: InlinePtr #cards 4 size 8 Array Of Cards #cards 16 size 48 Howl #buckets 8 coarsen threshold 3686 Howl Bitmap #cards 512 size 80 coarsen threshold 460 Card regions per heap region 1 cards per card region 4096

Heap:
 garbage-first heap   total 0K, used 0K [0x0000000722400000, 0x0000000800000000)
  region size 2048K, 0 young (0K), 0 survivors (0K)

[error occurred during error reporting (printing heap information), id 0xc0000005, EXCEPTION_ACCESS_VIOLATION (0xc0000005) at pc=0x00007fffc6001939]
GC Heap History (0 events):
No events

Dll operation events (1 events):
Event: 0.010 Loaded shared library C:\Program Files\Java\jdk-21\bin\java.dll

Deoptimization events (0 events):
No events

Classes loaded (0 events):
No events

Classes unloaded (0 events):
No events

Classes redefined (0 events):
No events

Internal exceptions (0 events):
No events

ZGC Phase Switch (0 events):
No events

VM Operations (0 events):
No events

Events (0 events):
No events


Dynamic libraries:
0x00007ff668c50000 - 0x00007ff668c60000 	C:\Program Files\Java\jdk-21\bin\java.exe
0x00007ff8d0ed0000 - 0x00007ff8d10e7000 	C:\WINDOWS\SYSTEM32\ntdll.dll
0x00007ff8cfbf0000 - 0x00007ff8cfcb4000 	C:\WINDOWS\System32\KERNEL32.DLL
0x00007ff8ce1b0000 - 0x00007ff8ce580000 	C:\WINDOWS\System32\KERNELBASE.dll
0x00007ff8ce720000 - 0x00007ff8ce831000 	C:\WINDOWS\System32\ucrtbase.dll
0x00007ff8a3d40000 - 0x00007ff8a3d59000 	C:\Program Files\Java\jdk-21\bin\jli.dll
0x00007ff8af710000 - 0x00007ff8af72b000 	C:\Program Files\Java\jdk-21\bin\VCRUNTIME140.dll
0x00007ff8cef40000 - 0x00007ff8ceff1000 	C:\WINDOWS\System32\ADVAPI32.dll
0x00007ff8cee90000 - 0x00007ff8cef37000 	C:\WINDOWS\System32\msvcrt.dll
0x00007ff8cf010000 - 0x00007ff8cf0b7000 	C:\WINDOWS\System32\sechost.dll
0x00007ff8cea70000 - 0x00007ff8cea98000 	C:\WINDOWS\System32\bcrypt.dll
0x00007ff8d09b0000 - 0x00007ff8d0ac4000 	C:\WINDOWS\System32\RPCRT4.dll
0x00007ff8d0b50000 - 0x00007ff8d0cfe000 	C:\WINDOWS\System32\USER32.dll
0x00007ff8be760000 - 0x00007ff8be9f2000 	C:\WINDOWS\WinSxS\amd64_microsoft.windows.common-controls_6595b64144ccf1df_6.0.22621.4830_none_270fe7d773858e80\COMCTL32.dll
0x00007ff8ce180000 - 0x00007ff8ce1a6000 	C:\WINDOWS\System32\win32u.dll
0x00007ff8cfef0000 - 0x00007ff8cff19000 	C:\WINDOWS\System32\GDI32.dll
0x00007ff8ceaa0000 - 0x00007ff8cebbb000 	C:\WINDOWS\System32\gdi32full.dll
0x00007ff8ce580000 - 0x00007ff8ce61a000 	C:\WINDOWS\System32\msvcp_win.dll
0x00007ff8c8710000 - 0x00007ff8c871a000 	C:\WINDOWS\SYSTEM32\VERSION.dll
0x00007ff8d0030000 - 0x00007ff8d0061000 	C:\WINDOWS\System32\IMM32.DLL
0x00007ff8b06f0000 - 0x00007ff8b06fc000 	C:\Program Files\Java\jdk-21\bin\vcruntime140_1.dll
0x00007ff880af0000 - 0x00007ff880b7e000 	C:\Program Files\Java\jdk-21\bin\msvcp140.dll
0x00007fffc58e0000 - 0x00007fffc65f3000 	C:\Program Files\Java\jdk-21\bin\server\jvm.dll
0x00007ff8d0930000 - 0x00007ff8d09a1000 	C:\WINDOWS\System32\WS2_32.dll
0x00007ff8cd020000 - 0x00007ff8cd06d000 	C:\WINDOWS\SYSTEM32\POWRPROF.dll
0x00007ff8c5bf0000 - 0x00007ff8c5c24000 	C:\WINDOWS\SYSTEM32\WINMM.dll
0x00007ff8cd000000 - 0x00007ff8cd013000 	C:\WINDOWS\SYSTEM32\UMPDC.dll
0x00007ff8cd2b0000 - 0x00007ff8cd2c8000 	C:\WINDOWS\SYSTEM32\kernel.appcore.dll
0x00007ff8a3f20000 - 0x00007ff8a3f2a000 	C:\Program Files\Java\jdk-21\bin\jimage.dll
0x00007ff8cbba0000 - 0x00007ff8cbdd2000 	C:\WINDOWS\SYSTEM32\DBGHELP.DLL
0x00007ff8d05a0000 - 0x00007ff8d0930000 	C:\WINDOWS\System32\combase.dll
0x00007ff8ced20000 - 0x00007ff8cedf7000 	C:\WINDOWS\System32\OLEAUT32.dll
0x00007ff8b7620000 - 0x00007ff8b7652000 	C:\WINDOWS\SYSTEM32\dbgcore.DLL
0x00007ff8ce6a0000 - 0x00007ff8ce71b000 	C:\WINDOWS\System32\bcryptPrimitives.dll
0x00007ff8a3e00000 - 0x00007ff8a3e0f000 	C:\Program Files\Java\jdk-21\bin\instrument.dll
0x00007ff8a3b30000 - 0x00007ff8a3b4f000 	C:\Program Files\Java\jdk-21\bin\java.dll

dbghelp: loaded successfully - version: 4.0.5 - missing functions: none
symbol engine: initialized successfully - sym options: 0x614 - pdb path: .;C:\Program Files\Java\jdk-21\bin;C:\WINDOWS\SYSTEM32;C:\WINDOWS\WinSxS\amd64_microsoft.windows.common-controls_6595b64144ccf1df_6.0.22621.4830_none_270fe7d773858e80;C:\Program Files\Java\jdk-21\bin\server

VM Arguments:
jvm_args: -javaagent:C:\Program Files\JetBrains\IntelliJ IDEA 2023.2.2\lib\idea_rt.jar=53555:C:\Program Files\JetBrains\IntelliJ IDEA 2023.2.2\bin -Dfile.encoding=UTF-8 -Dsun.stdout.encoding=UTF-8 -Dsun.stderr.encoding=UTF-8 
java_command: ApplicationMain
java_class_path (initial): C:\Users\Albert\Desktop\VVSS\SSS\target\classes;C:\Users\Albert\.m2\repository\org\junit\jupiter\junit-jupiter-engine\5.6.0\junit-jupiter-engine-5.6.0.jar;C:\Users\Albert\.m2\repository\org\apiguardian\apiguardian-api\1.1.0\apiguardian-api-1.1.0.jar;C:\Users\Albert\.m2\repository\org\junit\platform\junit-platform-engine\1.6.0\junit-platform-engine-1.6.0.jar;C:\Users\Albert\.m2\repository\org\junit\jupiter\junit-jupiter-api\5.6.0\junit-jupiter-api-5.6.0.jar;C:\Users\Albert\.m2\repository\org\opentest4j\opentest4j\1.2.0\opentest4j-1.2.0.jar;C:\Users\Albert\.m2\repository\org\junit\platform\junit-platform-commons\1.6.0\junit-platform-commons-1.6.0.jar;C:\Users\Albert\.m2\repository\org\junit\jupiter\junit-jupiter-params\5.6.0\junit-jupiter-params-5.6.0.jar;C:\Users\Albert\.m2\repository\org\openjfx\javafx-graphics\14-ea+4\javafx-graphics-14-ea+4.jar;C:\Users\Albert\.m2\repository\org\openjfx\javafx-graphics\14-ea+4\javafx-graphics-14-ea+4-win.jar;C:\Users\Albert\.m2\repository\org\openjfx\javafx-base\14-ea+4\javafx-base-14-ea+4.jar;C:\Users\Albert\.m2\repository\org\openjfx\javafx-base\14-ea+4\javafx-base-14-ea+4-win.jar;C:\Users\Albert\.m2\repository\org\openjfx\javafx-controls\11.0.2\javafx-controls-11.0.2.jar;C:\Users\Albert\.m2\repository\org\openjfx\javafx-controls\11.0.2\javafx-controls-11.0.2-win.jar;C:\Users\Albert\.m2\repository\org\openjfx\javafx-fxml\14-ea+4\javafx-fxml-14-ea+4.jar;C:\Users\Albert\.m2\repository\org\openjfx\javafx-fxml\14-ea+4\javafx-fxml-14-ea+4-win.jar;C:\Users\Albert\.m2\repository\org\openjfx\javafx-media\14-ea+4\javafx-media-14-ea+4.jar;C:\Users\Albert\.m2\repository\org\openjfx\javafx-media\14-ea+4\javafx-media-14-ea+4-win.jar;C:\Users\Albert\.m2\repository\org\openjfx\javafx-swing\14-ea+4\javafx-swing-14-ea+4.jar;C:\Users\Albert\.m2\repository\org\openjfx\javafx-swing\14-ea+4\javafx-swing-14-ea+4-win.jar;C:\Users\Albert\.m2\repository\org\openjfx\javafx-web\14-ea+4\javafx-web-14-ea+4.jar;C:\Users\Albert\.m2\repository\org\openjfx\javafx-web\14-ea+4\javafx-web-14-ea+4-win.jar;C:\Users\Albert\.m2\repository\log4j\log4j\1.2.17\log4j-1.2.17.jar;C:\Users\Albert\.m2\repository\org\controlsfx\controlsfx\11.0.1\controlsfx-11.0.1.jar
Launcher Type: SUN_STANDARD

[Global flags]
     intx CICompilerCount                          = 4                                         {product} {ergonomic}
     uint ConcGCThreads                            = 3                                         {product} {ergonomic}
     uint G1ConcRefinementThreads                  = 10                                        {product} {ergonomic}
   size_t G1HeapRegionSize                         = 2097152                                   {product} {ergonomic}
    uintx GCDrainStackTargetSize                   = 64                                        {product} {ergonomic}
   size_t InitialHeapSize                          = 232783872                                 {product} {ergonomic}
   size_t MarkStackSize                            = 4194304                                   {product} {ergonomic}
   size_t MaxHeapSize                              = 3720347648                                {product} {ergonomic}
   size_t MinHeapDeltaBytes                        = 2097152                                   {product} {ergonomic}
   size_t MinHeapSize                              = 8388608                                   {product} {ergonomic}
    uintx NonNMethodCodeHeapSize                   = 5839372                                {pd product} {ergonomic}
    uintx NonProfiledCodeHeapSize                  = 122909434                              {pd product} {ergonomic}
    uintx ProfiledCodeHeapSize                     = 122909434                              {pd product} {ergonomic}
    uintx ReservedCodeCacheSize                    = 251658240                              {pd product} {ergonomic}
     bool SegmentedCodeCache                       = true                                      {product} {ergonomic}
   size_t SoftMaxHeapSize                          = 3720347648                             {manageable} {ergonomic}
     bool UseCompressedOops                        = true                           {product lp64_product} {ergonomic}
     bool UseG1GC                                  = true                                      {product} {ergonomic}
     bool UseLargePagesIndividualAllocation        = false                                  {pd product} {ergonomic}

Logging:
Log output configuration:
 #0: stdout all=warning uptime,level,tags foldmultilines=false
 #1: stderr all=off uptime,level,tags foldmultilines=false

Environment Variables:
JAVA_HOME=C:\Program Files\Java\jdk-21
PATH=C:\Program Files\Microsoft MPI\Bin\;C:\Windows\system32;C:\Windows;C:\Windows\System32\Wbem;C:\Windows\System32\WindowsPowerShell\v1.0\;C:\Windows\System32\OpenSSH\;C:\Program Files (x86)\NVIDIA Corporation\PhysX\Common;C:\Program Files\Java\jdk-21\bin;C:\Program Files (x86)\Microsoft SQL Server\160\Tools\Binn\;C:\Program Files\Microsoft SQL Server\160\Tools\Binn\;C:\Program Files\Microsoft SQL Server\Client SDK\ODBC\170\Tools\Binn\;C:\Program Files\Microsoft SQL Server\160\DTS\Binn\;C:\Program Files (x86)\Microsoft SQL Server\160\DTS\Binn\;C:\Program Files\Azure Data Studio\bin;C:\WINDOWS\system32;C:\WINDOWS;C:\WINDOWS\System32\Wbem;C:\WINDOWS\System32\WindowsPowerShell\v1.0\;C:\WINDOWS\System32\OpenSSH\;C:\Program Files\dotnet\;C:\Program Files\Microsoft SQL Server\150\Tools\Binn\;C:\Program Files\NVIDIA Corporation\NVIDIA NvDLISR;%NVM_HOME%;%NVM_SYMLINK%;C:\Program Files\nodejs\;C:\Program Files\Git\cmd;C:\Program Files\Git LFS;D:\matlab\runtime\win64;D:\matlab\bin;C:\Users\Albert\AppData\Local\Programs\Python\Python311\Scripts\;C:\Users\Albert\AppData\Local\Programs\Python\Python311\;C:\Users\Albert\AppData\Local\Microsoft\WindowsApps;C:\Users\Albert\AppData\Local\Programs\Microsoft VS Code\bin;C:\Users\Albert\AppData\Local\GitHubDesktop\bin;C:\Program Files\Azure Data Studio\bin;C:\Users\Albert\AppData\Roaming\nvm;C:\Program Files\nodejs;C:\Users\Albert\AppData\Local\Microsoft\WinGet\Packages\Schniz.fnm_Microsoft.Winget.Source_8wekyb3d8bbwe;C:\Users\Albert\AppData\Roaming\npm
USERNAME=Albert
OS=Windows_NT
PROCESSOR_IDENTIFIER=AMD64 Family 25 Model 80 Stepping 0, AuthenticAMD
TMP=C:\Users\Albert\AppData\Local\Temp
TEMP=C:\Users\Albert\AppData\Local\Temp




---------------  S Y S T E M  ---------------

OS:
 Windows 11 , 64 bit Build 22621 (10.0.22621.4830)
OS uptime: 10 days 15:14 hours

CPU: total 12 (initial active 12) (12 cores per cpu, 2 threads per core) family 25 model 80 stepping 0 microcode 0x0, cx8, cmov, fxsr, ht, mmx, 3dnowpref, sse, sse2, sse3, ssse3, sse4a, sse4.1, sse4.2, popcnt, lzcnt, tsc, tscinvbit, avx, avx2, aes, erms, clmul, bmi1, bmi2, adx, sha, fma, vzeroupper, clflush, clflushopt, rdtscp, rdpid, fsrm, f16c, pku, cet_ss
Processor Information for processor 0
  Max Mhz: 3301, Current Mhz: 1805, Mhz Limit: 3301
Processor Information for processor 1
  Max Mhz: 3301, Current Mhz: 3301, Mhz Limit: 3301
Processor Information for processor 2
  Max Mhz: 3301, Current Mhz: 3301, Mhz Limit: 3301
Processor Information for processor 3
  Max Mhz: 3301, Current Mhz: 3301, Mhz Limit: 3301
Processor Information for processor 4
  Max Mhz: 3301, Current Mhz: 3301, Mhz Limit: 3301
Processor Information for processor 5
  Max Mhz: 3301, Current Mhz: 3301, Mhz Limit: 3301
Processor Information for processor 6
  Max Mhz: 3301, Current Mhz: 3301, Mhz Limit: 3301
Processor Information for processor 7
  Max Mhz: 3301, Current Mhz: 3301, Mhz Limit: 3301
Processor Information for processor 8
  Max Mhz: 3301, Current Mhz: 3301, Mhz Limit: 3301
Processor Information for processor 9
  Max Mhz: 3301, Current Mhz: 3301, Mhz Limit: 3301
Processor Information for processor 10
  Max Mhz: 3301, Current Mhz: 1805, Mhz Limit: 3301
Processor Information for processor 11
  Max Mhz: 3301, Current Mhz: 1805, Mhz Limit: 3301

Memory: 4k page, system-wide physical 14188M (1211M free)
TotalPageFile size 44736M (AvailPageFile size 59M)
current process WorkingSet (physical memory assigned to process): 11M, peak: 11M
current process commit charge ("private bytes"): 64M, peak: 286M

vm_info: Java HotSpot(TM) 64-Bit Server VM (21+35-LTS-2513) for windows-amd64 JRE (21+35-LTS-2513), built on 2023-08-09T20:25:10Z by "mach5one" with MS VC++ 17.1 (VS2022)

END.
